[2013-04-05 11-00-02] HTTP code 404: Chybí id seznamu. in C:\xampp\htdocs\todolist\app\presenters\HomepagePresenter.php:24  @  http://localhost/todolist/www/homepage/tasklist
[2013-04-05 11-00-04] HTTP code 404: Chybí id seznamu. in C:\xampp\htdocs\todolist\app\presenters\HomepagePresenter.php:24  @  http://localhost/todolist/www/homepage/tasklist
[2013-04-05 11-00-22] HTTP code 404: Chybí id seznamu. in C:\xampp\htdocs\todolist\app\presenters\HomepagePresenter.php:24  @  http://localhost/todolist/www/homepage/tasklist
[2013-04-05 11-00-29] HTTP code 405: Chybí id seznamu. in C:\xampp\htdocs\todolist\app\presenters\HomepagePresenter.php:24  @  http://localhost/todolist/www/homepage/tasklist
[2013-04-05 11-00-38] HTTP code 406: Chybí id seznamu. in C:\xampp\htdocs\todolist\app\presenters\HomepagePresenter.php:24  @  http://localhost/todolist/www/homepage/tasklist
[2013-04-05 11-00-45] HTTP code 404: Chybí id seznamu. in C:\xampp\htdocs\todolist\app\presenters\HomepagePresenter.php:24  @  http://localhost/todolist/www/homepage/tasklist
[2013-04-05 11-01-43] HTTP code 410: Chybí id seznamu. in C:\xampp\htdocs\todolist\app\presenters\HomepagePresenter.php:24  @  http://localhost/todolist/www/homepage/tasklist
[2013-04-05 11-02-03] HTTP code 404: Chybí id seznamu. in C:\xampp\htdocs\todolist\app\presenters\HomepagePresenter.php:24  @  http://localhost/todolist/www/homepage/tasklist
[2013-04-05 11-02-13] HTTP code 404: Chybí id seznamu. in C:\xampp\htdocs\todolist\app\presenters\HomepagePresenter.php:24  @  http://localhost/todolist/www/homepage/tasklist
[2013-04-05 11-18-21] HTTP code 404: No route for HTTP request. in C:\xampp\htdocs\todolist\libs\Nette\Application\Application.php:104  @  http://localhost/todolist/www/homepage/tasklist/3/7
[2013-04-05 11-18-33] HTTP code 404: No route for HTTP request. in C:\xampp\htdocs\todolist\libs\Nette\Application\Application.php:104  @  http://localhost/todolist/www/homepage/tasklist/1/7
[2013-04-05 11-24-01] HTTP code 404: Chybí id seznamu. in C:\xampp\htdocs\todolist\app\presenters\HomepagePresenter.php:24  @  http://localhost/todolist/www/homepage/tasklist
[2013-04-05 11-39-23] HTTP code 404: Page not found. Missing template '…\xampp\htdocs\todolist\app\templates\Homepage\tasklista.latte'. in C:\xampp\htdocs\todolist\libs\Nette\Application\UI\Presenter.php:727  @  http://localhost/todolist/www/homepage/tasklista
[2013-04-05 11-44-36] HTTP code 404: Seznam neexistuje. in C:\xampp\htdocs\todolist\app\presenters\HomepagePresenter.php:26  @  http://localhost/todolist/www/homepage/tasklist
[2013-04-05 11-54-03] HTTP code 404: Seznam neexistuje. in C:\xampp\htdocs\todolist\app\presenters\HomepagePresenter.php:26  @  http://localhost/todolist/www/homepage/tasklist
[2013-04-05 11-54-44] HTTP code 410: Seznam neexistuje. in C:\xampp\htdocs\todolist\app\presenters\HomepagePresenter.php:26  @  http://localhost/todolist/www/homepage/tasklist
[2013-04-05 11-54-57] HTTP code 404: Seznam neexistuje. in C:\xampp\htdocs\todolist\app\presenters\HomepagePresenter.php:26  @  http://localhost/todolist/www/homepage/tasklist
[2013-04-05 11-55-34] HTTP code 404: Seznam neexistuje. in C:\xampp\htdocs\todolist\app\presenters\HomepagePresenter.php:26  @  http://localhost/todolist/www/homepage/tasklist
[2013-04-05 11-56-54] HTTP code 404: Seznam neexistuje. in C:\xampp\htdocs\todolist\app\presenters\HomepagePresenter.php:26  @  http://localhost/todolist/www/homepage/tasklist
[2013-04-05 11-56-55] HTTP code 404: Seznam neexistuje. in C:\xampp\htdocs\todolist\app\presenters\HomepagePresenter.php:26  @  http://localhost/todolist/www/homepage/tasklist
[2013-04-05 11-56-56] HTTP code 404: Seznam neexistuje. in C:\xampp\htdocs\todolist\app\presenters\HomepagePresenter.php:26  @  http://localhost/todolist/www/homepage/tasklist
[2013-04-05 11-57-06] HTTP code 404: Seznam neexistuje. in C:\xampp\htdocs\todolist\app\presenters\HomepagePresenter.php:26  @  http://localhost/todolist/www/homepage/tasklist
[2013-04-05 11-57-07] HTTP code 404: Seznam neexistuje. in C:\xampp\htdocs\todolist\app\presenters\HomepagePresenter.php:26  @  http://localhost/todolist/www/homepage/tasklist
[2013-04-05 11-57-26] HTTP code 404: Seznam neexistuje. in C:\xampp\htdocs\todolist\app\presenters\HomepagePresenter.php:26  @  http://localhost/todolist/www/homepage/tasklist
[2013-04-05 12-00-43] HTTP code 404: Seznam neexistuje. in C:\xampp\htdocs\todolist\app\presenters\HomepagePresenter.php:26  @  http://localhost/todolist/www/homepage/tasklist
[2013-04-05 12-00-47] HTTP code 404: Seznam neexistuje. in C:\xampp\htdocs\todolist\app\presenters\HomepagePresenter.php:26  @  http://localhost/todolist/www/homepage/tasklist
[2013-04-05 12-01-23] HTTP code 404: Seznam neexistuje. in C:\xampp\htdocs\todolist\app\presenters\HomepagePresenter.php:26  @  http://localhost/todolist/www/homepage/tasklist
[2013-04-05 12-01-25] HTTP code 404: Seznam neexistuje. in C:\xampp\htdocs\todolist\app\presenters\HomepagePresenter.php:26  @  http://localhost/todolist/www/homepage/tasklist
[2013-04-05 12-01-33] HTTP code 404: Seznam neexistuje. in C:\xampp\htdocs\todolist\app\presenters\HomepagePresenter.php:26  @  http://localhost/todolist/www/homepage/tasklist
[2013-04-05 12-02-05] HTTP code 404: Seznam neexistuje. in C:\xampp\htdocs\todolist\app\presenters\HomepagePresenter.php:26  @  http://localhost/todolist/www/homepage/tasklist
[2013-04-05 12-02-07] HTTP code 404: Seznam neexistuje. in C:\xampp\htdocs\todolist\app\presenters\HomepagePresenter.php:26  @  http://localhost/todolist/www/homepage/tasklist
[2013-04-05 12-02-09] HTTP code 404: Seznam neexistuje. in C:\xampp\htdocs\todolist\app\presenters\HomepagePresenter.php:26  @  http://localhost/todolist/www/homepage/tasklist
[2013-04-05 12-02-13] HTTP code 404: Seznam neexistuje. in C:\xampp\htdocs\todolist\app\presenters\HomepagePresenter.php:26  @  http://localhost/todolist/www/homepage/tasklist/3
[2013-04-05 12-02-21] HTTP code 404: Seznam neexistuje. in C:\xampp\htdocs\todolist\app\presenters\HomepagePresenter.php:26  @  http://localhost/todolist/www/homepage/tasklist/3
[2013-04-05 12-03-24] HTTP code 404: Seznam neexistuje. in C:\xampp\htdocs\todolist\app\presenters\HomepagePresenter.php:26  @  http://localhost/todolist/www/homepage/tasklist/3
[2013-04-05 12-03-26] HTTP code 404: Seznam neexistuje. in C:\xampp\htdocs\todolist\app\presenters\HomepagePresenter.php:26  @  http://localhost/todolist/www/homepage/tasklist/3
[2013-04-05 12-04-47] HTTP code 404:  in C:\xampp\htdocs\todolist\app\presenters\HomepagePresenter.php:26  @  http://localhost/todolist/www/homepage/tasklist/3
[2013-04-05 12-05-15] HTTP code 404: Seznam neexistuje. in C:\xampp\htdocs\todolist\app\presenters\HomepagePresenter.php:26  @  http://localhost/todolist/www/homepage/tasklist/3
[2013-04-05 12-10-18] HTTP code 404: Seznam neexistuje. in C:\xampp\htdocs\todolist\app\presenters\HomepagePresenter.php:26  @  http://localhost/todolist/www/homepage/tasklist/3
