[2013-04-05 10-59-12] Nette\InvalidArgumentException: Chybí id seznamu. in C:\xampp\htdocs\todolist\app\presenters\HomepagePresenter.php:24  @  http://localhost/todolist/www/homepage/tasklist  @@  exception-2013-04-05-10-59-12-ce99fca04a6365865ec3b859575ebb33.html
[2013-04-05 11-37-29] PHP Notice: Trying to get property of non-object in C:\xampp\htdocs\todolist\temp\cache\_Nette.FileTemplate\_Homepage.tasklist.latte-f8f4d09e7bfbc95edbaf7790d02615e2.php:14  @  http://localhost/todolist/www/homepage/tasklist/3
[2013-04-05 11-37-51] PHP Notice: Trying to get property of non-object in C:\xampp\htdocs\todolist\temp\cache\_Nette.FileTemplate\_Homepage.tasklist.latte-f8f4d09e7bfbc95edbaf7790d02615e2.php:14  @  http://localhost/todolist/www/homepage/tasklist/3
[2013-04-05 11-37-54] PHP Notice: Trying to get property of non-object in C:\xampp\htdocs\todolist\temp\cache\_Nette.FileTemplate\_Homepage.tasklist.latte-f8f4d09e7bfbc95edbaf7790d02615e2.php:14  @  http://localhost/todolist/www/homepage/tasklist
[2013-04-05 11-39-19] PHP Notice: Trying to get property of non-object in C:\xampp\htdocs\todolist\temp\cache\_Nette.FileTemplate\_Homepage.tasklist.latte-f8f4d09e7bfbc95edbaf7790d02615e2.php:14  @  http://localhost/todolist/www/homepage/tasklist
[2013-04-05 11-39-20] PHP Notice: Trying to get property of non-object in C:\xampp\htdocs\todolist\temp\cache\_Nette.FileTemplate\_Homepage.tasklist.latte-f8f4d09e7bfbc95edbaf7790d02615e2.php:14  @  http://localhost/todolist/www/homepage/tasklist
[2013-04-05 11-39-33] PHP Notice: Trying to get property of non-object in C:\xampp\htdocs\todolist\temp\cache\_Nette.FileTemplate\_Homepage.tasklist.latte-f8f4d09e7bfbc95edbaf7790d02615e2.php:14  @  http://localhost/todolist/www/homepage/tasklist
[2013-04-05 11-42-42] PHP Notice: Trying to get property of non-object in C:\xampp\htdocs\todolist\temp\cache\_Nette.FileTemplate\_Homepage.tasklist.latte-f8f4d09e7bfbc95edbaf7790d02615e2.php:14  @  http://localhost/todolist/www/homepage/tasklist
[2013-04-05 11-42-43] PHP Notice: Trying to get property of non-object in C:\xampp\htdocs\todolist\temp\cache\_Nette.FileTemplate\_Homepage.tasklist.latte-f8f4d09e7bfbc95edbaf7790d02615e2.php:14  @  http://localhost/todolist/www/homepage/tasklist
[2013-04-05 11-43-50] Fatal error: Call to undefined function App\is_empty() in C:\xampp\htdocs\todolist\app\presenters\HomepagePresenter.php:25  @  http://localhost/todolist/www/homepage/tasklist  @@  exception-2013-04-05-11-43-50-92762bb13c22dff3c5cb791d38ad80a8.html
[2013-04-05 11-50-27] Exception: Seznam neexistuje. in C:\xampp\htdocs\todolist\app\presenters\HomepagePresenter.php:26  @  http://localhost/todolist/www/homepage/tasklist  @@  exception-2013-04-05-11-50-27-8c504489afd20932c905167348a4d7d2.html
[2013-04-05 11-56-54] PHP Notice: Undefined property: Nette\Application\BadRequestException::$text in C:\xampp\htdocs\todolist\temp\cache\_Nette.FileTemplate\_Error.404.latte-dd14d97a6f82678489dc7fb7279dcd2e.php:16  @  http://localhost/todolist/www/homepage/tasklist
[2013-04-05 11-56-55] PHP Notice: Undefined property: Nette\Application\BadRequestException::$text in C:\xampp\htdocs\todolist\temp\cache\_Nette.FileTemplate\_Error.404.latte-dd14d97a6f82678489dc7fb7279dcd2e.php:16  @  http://localhost/todolist/www/homepage/tasklist
[2013-04-05 11-56-56] PHP Notice: Undefined property: Nette\Application\BadRequestException::$text in C:\xampp\htdocs\todolist\temp\cache\_Nette.FileTemplate\_Error.404.latte-dd14d97a6f82678489dc7fb7279dcd2e.php:16  @  http://localhost/todolist/www/homepage/tasklist
[2013-04-05 11-57-06] PHP Notice: Undefined property: Nette\Application\BadRequestException::$text in C:\xampp\htdocs\todolist\temp\cache\_Nette.FileTemplate\_Error.404.latte-dd14d97a6f82678489dc7fb7279dcd2e.php:16  @  http://localhost/todolist/www/homepage/tasklist
[2013-04-05 11-57-07] PHP Notice: Undefined property: Nette\Application\BadRequestException::$text in C:\xampp\htdocs\todolist\temp\cache\_Nette.FileTemplate\_Error.404.latte-dd14d97a6f82678489dc7fb7279dcd2e.php:16  @  http://localhost/todolist/www/homepage/tasklist
[2013-04-05 11-57-26] PHP Notice: Undefined property: Nette\Application\BadRequestException::$text in C:\xampp\htdocs\todolist\temp\cache\_Nette.FileTemplate\_Error.404.latte-dd14d97a6f82678489dc7fb7279dcd2e.php:15  @  http://localhost/todolist/www/homepage/tasklist
[2013-04-05 12-00-43] Fatal error: Cannot access protected property Nette\Application\BadRequestException::$message in C:\xampp\htdocs\todolist\temp\cache\_Nette.FileTemplate\_Error.404.latte-dd14d97a6f82678489dc7fb7279dcd2e.php:15  @  http://localhost/todolist/www/homepage/tasklist  @@  exception-2013-04-05-12-00-43-379c560f36dc96d35fc26abbb9da1273.html
[2013-04-05 12-00-47] Fatal error: Cannot access protected property Nette\Application\BadRequestException::$message in C:\xampp\htdocs\todolist\temp\cache\_Nette.FileTemplate\_Error.404.latte-dd14d97a6f82678489dc7fb7279dcd2e.php:15  @  http://localhost/todolist/www/homepage/tasklist  @@  exception-2013-04-05-12-00-43-379c560f36dc96d35fc26abbb9da1273.html
[2013-04-05 12-01-23] PHP Notice: Undefined property: Nette\Application\BadRequestException::$messageaa in C:\xampp\htdocs\todolist\temp\cache\_Nette.FileTemplate\_Error.404.latte-dd14d97a6f82678489dc7fb7279dcd2e.php:15  @  http://localhost/todolist/www/homepage/tasklist
[2013-04-05 12-01-25] PHP Notice: Undefined property: Nette\Application\BadRequestException::$messageaa in C:\xampp\htdocs\todolist\temp\cache\_Nette.FileTemplate\_Error.404.latte-dd14d97a6f82678489dc7fb7279dcd2e.php:15  @  http://localhost/todolist/www/homepage/tasklist
[2013-04-05 12-01-33] Fatal error: Cannot access protected property Nette\Application\BadRequestException::$message in C:\xampp\htdocs\todolist\temp\cache\_Nette.FileTemplate\_Error.404.latte-dd14d97a6f82678489dc7fb7279dcd2e.php:15  @  http://localhost/todolist/www/homepage/tasklist  @@  exception-2013-04-05-12-00-43-379c560f36dc96d35fc26abbb9da1273.html
[2013-04-05 12-02-05] PHP Notice: Undefined variable: message in C:\xampp\htdocs\todolist\app\presenters\ErrorPresenter.php:30  @  http://localhost/todolist/www/homepage/tasklist
[2013-04-05 12-02-07] PHP Notice: Undefined variable: message in C:\xampp\htdocs\todolist\app\presenters\ErrorPresenter.php:30  @  http://localhost/todolist/www/homepage/tasklist
[2013-04-05 12-02-09] PHP Notice: Undefined variable: message in C:\xampp\htdocs\todolist\app\presenters\ErrorPresenter.php:30  @  http://localhost/todolist/www/homepage/tasklist
[2013-04-05 12-02-13] PHP Notice: Undefined variable: message in C:\xampp\htdocs\todolist\app\presenters\ErrorPresenter.php:30  @  http://localhost/todolist/www/homepage/tasklist/3
[2013-04-05 12-02-21] PHP Notice: Undefined variable: message in C:\xampp\htdocs\todolist\app\presenters\ErrorPresenter.php:30  @  http://localhost/todolist/www/homepage/tasklist/3
[2013-04-05 12-02-57] Fatal error: Cannot access protected property Nette\Application\BadRequestException::$message in C:\xampp\htdocs\todolist\app\presenters\ErrorPresenter.php:30  @  http://localhost/todolist/www/homepage/tasklist/3  @@  exception-2013-04-05-12-02-57-e5d1707d590429770ddd2b87f1144ac9.html
[2013-04-05 12-02-59] Fatal error: Cannot access protected property Nette\Application\BadRequestException::$message in C:\xampp\htdocs\todolist\app\presenters\ErrorPresenter.php:30  @  http://localhost/todolist/www/homepage/tasklist/3  @@  exception-2013-04-05-12-02-57-e5d1707d590429770ddd2b87f1144ac9.html
[2013-04-05 12-41-57] Nette\MemberAccessException: Call to undefined method Nette\Database\Table\ActiveRow::isDone(). in C:\xampp\htdocs\todolist\libs\Nette\common\ObjectMixin.php:79  @  http://localhost/todolist/www/homepage/tasklist/2  @@  exception-2013-04-05-12-41-55-4b8c321420cbcfbb1983b64c551e7bfb.html
[2013-05-24 13-32-47] Nette\MemberAccessException: Call to undefined method App\Components\ListControl::isAjax(). in C:\xampp\htdocs\todolist\libs\Nette\common\ObjectMixin.php:103  @  http://localhost/todolist/www/list/list/5?listControl-taskId=18&do=listControl-setDone  @@  exception-2013-05-24-13-32-47-1a49066df3b21ba379cbcca446976e46.html
[2013-05-24 13-34-39] Nette\MemberAccessException: Call to undefined method App\Components\ListControl::isAjax(). in C:\xampp\htdocs\todolist\libs\Nette\common\ObjectMixin.php:103  @  http://localhost/todolist/www/list/list/5?listControl-taskId=18&listControl-done=1&do=listControl-setDone  @@  exception-2013-05-24-13-34-39-6b42750794231ac9db6826befe33984f.html
[2013-05-24 13-34-42] Nette\MemberAccessException: Call to undefined method App\Components\ListControl::isAjax(). in C:\xampp\htdocs\todolist\libs\Nette\common\ObjectMixin.php:103  @  http://localhost/todolist/www/list/list/5?listControl-taskId=19&do=listControl-setDone  @@  exception-2013-05-24-13-34-41-4b4efd559f83e8051dfa35416a1924e5.html
[2013-05-30 13-23-44] Nette\MemberAccessException: Call to undefined method App\Components\ListControl::isAjax(). in C:\xampp\htdocs\todolist\libs\Nette\common\ObjectMixin.php:103  @  http://localhost/todolist/www/list/list/4?listControl-taskId=20&listControl-done=1&do=listControl-setDone  @@  exception-2013-05-30-13-23-44-aac23f08f67a6c21f985169ed1b2cc04.html
[2013-05-30 13-23-53] Nette\MemberAccessException: Call to undefined method App\Components\ListControl::isAjax(). in C:\xampp\htdocs\todolist\libs\Nette\common\ObjectMixin.php:103  @  http://localhost/todolist/www/list/list/4?listControl-taskId=20&do=listControl-setDone  @@  exception-2013-05-30-13-23-53-826b399e16a74654bcfcdbccd6101343.html
[2013-05-30 13-24-26] Nette\MemberAccessException: Call to undefined method App\Components\ListControl::isAjax(). in C:\xampp\htdocs\todolist\libs\Nette\common\ObjectMixin.php:103  @  http://localhost/todolist/www/list/list/2?listControl-taskId=4&listControl-done=1&do=listControl-setDone  @@  exception-2013-05-30-13-24-26-23acfd78401938965c000090bec26710.html
[2013-05-30 13-25-10] Nette\MemberAccessException: Call to undefined method App\Components\ListControl::isAjax(). in C:\xampp\htdocs\todolist\libs\Nette\common\ObjectMixin.php:103  @  http://localhost/todolist/www/list/list/2?listControl-taskId=5&listControl-done=1&do=listControl-setDone  @@  exception-2013-05-30-13-25-10-30b42788e64c2da7e1b171aaf2ac3d7e.html
[2013-05-30 13-25-12] Nette\MemberAccessException: Call to undefined method App\Components\ListControl::isAjax(). in C:\xampp\htdocs\todolist\libs\Nette\common\ObjectMixin.php:103  @  http://localhost/todolist/www/list/list/2?listControl-taskId=4&do=listControl-setDone  @@  exception-2013-05-30-13-25-12-7351361d261a24a37cce5482eacbe39f.html
[2013-05-30 13-25-38] Nette\MemberAccessException: Call to undefined method App\Components\ListControl::isAjax(). in C:\xampp\htdocs\todolist\libs\Nette\common\ObjectMixin.php:103  @  http://localhost/todolist/www/list/list/2?listControl-taskId=7&listControl-done=1&do=listControl-setDone  @@  exception-2013-05-30-13-25-38-a48fdd17656076a4e9b026b8bb19455e.html
[2013-05-30 13-25-43] Nette\MemberAccessException: Call to undefined method App\Components\ListControl::isAjax(). in C:\xampp\htdocs\todolist\libs\Nette\common\ObjectMixin.php:103  @  http://localhost/todolist/www/list/list/2?listControl-taskId=7&listControl-done=1&do=listControl-setDone  @@  exception-2013-05-30-13-25-38-a48fdd17656076a4e9b026b8bb19455e.html
[2013-05-30 13-26-27] Nette\MemberAccessException: Call to undefined method App\Components\ListControl::isAjax(). in C:\xampp\htdocs\todolist\libs\Nette\common\ObjectMixin.php:103  @  http://localhost/todolist/www/list/list/2?listControl-taskId=1&do=listControl-setDone  @@  exception-2013-05-30-13-26-27-a0d684c0b49281f40139d4eaca873f1b.html
[2013-05-30 13-26-31] Nette\MemberAccessException: Call to undefined method App\Components\ListControl::isAjax(). in C:\xampp\htdocs\todolist\libs\Nette\common\ObjectMixin.php:103  @  http://localhost/todolist/www/list/list/2?listControl-taskId=5&do=listControl-setDone  @@  exception-2013-05-30-13-26-30-0686d639a6a2b2fe05fd89b7db63eda9.html
[2013-05-30 13-26-34] Nette\MemberAccessException: Call to undefined method App\Components\ListControl::isAjax(). in C:\xampp\htdocs\todolist\libs\Nette\common\ObjectMixin.php:103  @  http://localhost/todolist/www/list/list/2?listControl-taskId=7&do=listControl-setDone  @@  exception-2013-05-30-13-26-34-474635267b57d27e652d4bd7a108e81b.html
[2013-05-30 13-26-38] Nette\MemberAccessException: Call to undefined method App\Components\ListControl::isAjax(). in C:\xampp\htdocs\todolist\libs\Nette\common\ObjectMixin.php:103  @  http://localhost/todolist/www/list/list/2?listControl-taskId=12&do=listControl-setDone  @@  exception-2013-05-30-13-26-38-85969685f09fa76e6e1a7a086a86ec92.html
[2013-05-30 13-26-41] Nette\MemberAccessException: Call to undefined method App\Components\ListControl::isAjax(). in C:\xampp\htdocs\todolist\libs\Nette\common\ObjectMixin.php:103  @  http://localhost/todolist/www/list/list/2?listControl-taskId=15&do=listControl-setDone  @@  exception-2013-05-30-13-26-40-c6013e4bae0e9b837c8c2f9027f16fd8.html
[2013-05-30 13-27-46] Nette\MemberAccessException: Call to undefined method App\Components\ListControl::isAjax(). in C:\xampp\htdocs\todolist\libs\Nette\common\ObjectMixin.php:103  @  http://localhost/todolist/www/list/list/2?listControl-taskId=4&listControl-done=1&do=listControl-setDone  @@  exception-2013-05-30-13-24-26-23acfd78401938965c000090bec26710.html
[2013-05-30 13-28-08] Nette\MemberAccessException: Call to undefined method App\Components\ListControl::isAjax(). in C:\xampp\htdocs\todolist\libs\Nette\common\ObjectMixin.php:103  @  http://localhost/todolist/www/list/list/2?listControl-taskId=15&listControl-done=1&do=listControl-setDone  @@  exception-2013-05-30-13-28-08-0b4b36cede994663ac621a3df5d19ca7.html
[2013-05-30 13-28-17] Nette\MemberAccessException: Call to undefined method App\Components\ListControl::isAjax(). in C:\xampp\htdocs\todolist\libs\Nette\common\ObjectMixin.php:103  @  http://localhost/todolist/www/list/list/2?listControl-taskId=7&listControl-done=1&do=listControl-setDone  @@  exception-2013-05-30-13-25-38-a48fdd17656076a4e9b026b8bb19455e.html
